<?xml version="1.0" encoding="UTF-8"?>
<!-- Generated by org.testng.reporters.JUnitReportReporter -->
<testsuite hostname="DESKTOP-J8OHI1I" failures="0" tests="1" name="MavenProjects.Selenium.Project1.Amazon_TestCases" time="35.938" errors="0" timestamp="2024-09-21T19:25:32 IST" skipped="0">
  <testcase classname="MavenProjects.Selenium.Project1.Amazon_TestCases" name="Registration_Form" time="35.938"/>
  <system-out/>
</testsuite> <!-- MavenProjects.Selenium.Project1.Amazon_TestCases -->
